c:\users\han.glschool\desktop\trainingframework_vs2013\trainingframework\debug\trainingframework.pch
c:\users\han.glschool\desktop\trainingframework_vs2013\trainingframework\debug\vc140.pdb
c:\users\han.glschool\desktop\trainingframework_vs2013\trainingframework\debug\vc140.idb
c:\users\han.glschool\desktop\trainingframework_vs2013\trainingframework\debug\stdafx.obj
c:\users\han.glschool\desktop\trainingframework_vs2013\trainingframework\debug\animation2d.obj
c:\users\han.glschool\desktop\trainingframework_vs2013\trainingframework\debug\botfish.obj
c:\users\han.glschool\desktop\trainingframework_vs2013\trainingframework\debug\camera.obj
c:\users\han.glschool\desktop\trainingframework_vs2013\trainingframework\debug\cricle.obj
c:\users\han.glschool\desktop\trainingframework_vs2013\trainingframework\debug\game.obj
c:\users\han.glschool\desktop\trainingframework_vs2013\trainingframework\debug\matran.obj
c:\users\han.glschool\desktop\trainingframework_vs2013\trainingframework\debug\model.obj
c:\users\han.glschool\desktop\trainingframework_vs2013\trainingframework\debug\object.obj
c:\users\han.glschool\desktop\trainingframework_vs2013\trainingframework\debug\physic.obj
c:\users\han.glschool\desktop\trainingframework_vs2013\trainingframework\debug\playerfish.obj
c:\users\han.glschool\desktop\trainingframework_vs2013\trainingframework\debug\rectangl.obj
c:\users\han.glschool\desktop\trainingframework_vs2013\trainingframework\debug\resourcemanager.obj
c:\users\han.glschool\desktop\trainingframework_vs2013\trainingframework\debug\scenemanager.obj
c:\users\han.glschool\desktop\trainingframework_vs2013\trainingframework\debug\sprite2d.obj
c:\users\han.glschool\desktop\trainingframework_vs2013\trainingframework\debug\texture.obj
c:\users\han.glschool\desktop\trainingframework_vs2013\trainingframework\debug\trainingframework.obj
c:\users\han.glschool\desktop\trainingframework_vs2013\trainingframework\debug\shaders.obj
c:\users\han.glschool\desktop\trainingframework_vs2013\bin\trainingframework.ilk
c:\users\han.glschool\desktop\trainingframework_vs2013\bin\trainingframework.exe
c:\users\han.glschool\desktop\trainingframework_vs2013\bin\trainingframework.pdb
c:\users\han.glschool\documents\github\nn\trainingframework_vs2013\trainingframework\debug\animation2d.obj
c:\users\han.glschool\documents\github\nn\trainingframework_vs2013\trainingframework\debug\botfish.obj
c:\users\han.glschool\documents\github\nn\trainingframework_vs2013\trainingframework\debug\camera.obj
c:\users\han.glschool\documents\github\nn\trainingframework_vs2013\trainingframework\debug\cricle.obj
c:\users\han.glschool\documents\github\nn\trainingframework_vs2013\trainingframework\debug\game.obj
c:\users\han.glschool\documents\github\nn\trainingframework_vs2013\trainingframework\debug\matran.obj
c:\users\han.glschool\documents\github\nn\trainingframework_vs2013\trainingframework\debug\model.obj
c:\users\han.glschool\documents\github\nn\trainingframework_vs2013\trainingframework\debug\object.obj
c:\users\han.glschool\documents\github\nn\trainingframework_vs2013\trainingframework\debug\physic.obj
c:\users\han.glschool\documents\github\nn\trainingframework_vs2013\trainingframework\debug\playerfish.obj
c:\users\han.glschool\documents\github\nn\trainingframework_vs2013\trainingframework\debug\rectangl.obj
c:\users\han.glschool\documents\github\nn\trainingframework_vs2013\trainingframework\debug\resourcemanager.obj
c:\users\han.glschool\documents\github\nn\trainingframework_vs2013\trainingframework\debug\scenemanager.obj
c:\users\han.glschool\documents\github\nn\trainingframework_vs2013\trainingframework\debug\shaders.obj
c:\users\han.glschool\documents\github\nn\trainingframework_vs2013\trainingframework\debug\sprite2d.obj
c:\users\han.glschool\documents\github\nn\trainingframework_vs2013\trainingframework\debug\stdafx.obj
c:\users\han.glschool\documents\github\nn\trainingframework_vs2013\trainingframework\debug\texture.obj
c:\users\han.glschool\documents\github\nn\trainingframework_vs2013\trainingframework\debug\trainingframework.obj
c:\users\han.glschool\documents\github\nn\trainingframework_vs2013\trainingframework\debug\trainingframework.pch
c:\users\han.glschool\documents\github\nn\trainingframework_vs2013\trainingframework\debug\vc140.idb
c:\users\han.glschool\documents\github\nn\trainingframework_vs2013\trainingframework\debug\vc140.pdb
c:\users\han.glschool\documents\github\nn\trainingframework_vs2013\\bin\trainingframework.pdb
c:\users\han.glschool\documents\github\nn\trainingframework_vs2013\\bin\trainingframework.exe
c:\users\han.glschool\documents\github\nn\trainingframework_vs2013\\bin\trainingframework.ilk
c:\users\han.glschool\documents\github\nn\trainingframework_vs2013\trainingframework\debug\training.fc024ec8.tlog\cl.command.1.tlog
c:\users\han.glschool\documents\github\nn\trainingframework_vs2013\trainingframework\debug\training.fc024ec8.tlog\cl.read.1.tlog
c:\users\han.glschool\documents\github\nn\trainingframework_vs2013\trainingframework\debug\training.fc024ec8.tlog\cl.write.1.tlog
c:\users\han.glschool\documents\github\nn\trainingframework_vs2013\trainingframework\debug\training.fc024ec8.tlog\link.command.1.tlog
c:\users\han.glschool\documents\github\nn\trainingframework_vs2013\trainingframework\debug\training.fc024ec8.tlog\link.read.1.tlog
c:\users\han.glschool\documents\github\nn\trainingframework_vs2013\trainingframework\debug\training.fc024ec8.tlog\link.write.1.tlog
