  Object.cpp
c:\users\han.glschool\desktop\trainingframework_vs2013\trainingframework\camera.h(22): warning C4305: 'initializing': truncation from 'double' to 'float'
c:\users\han.glschool\desktop\trainingframework_vs2013\trainingframework\playerfish.h(11): warning C4244: 'initializing': conversion from 'double' to 'int', possible loss of data
c:\users\han.glschool\desktop\trainingframework_vs2013\trainingframework\playerfish.h(12): warning C4244: 'initializing': conversion from 'double' to 'int', possible loss of data
c:\users\han.glschool\desktop\trainingframework_vs2013\trainingframework\botfish.h(10): warning C4244: 'initializing': conversion from 'double' to 'int', possible loss of data
c:\users\han.glschool\desktop\trainingframework_vs2013\trainingframework\botfish.h(11): warning C4244: 'initializing': conversion from 'double' to 'int', possible loss of data
c:\users\han.glschool\desktop\trainingframework_vs2013\trainingframework\object.cpp(32): warning C4244: 'argument': conversion from 'double' to 'GLfloat', possible loss of data
c:\users\han.glschool\desktop\trainingframework_vs2013\trainingframework\object.cpp(33): warning C4244: 'argument': conversion from 'double' to 'GLfloat', possible loss of data
c:\users\han.glschool\desktop\trainingframework_vs2013\trainingframework\object.cpp(34): warning C4244: 'argument': conversion from 'double' to 'GLfloat', possible loss of data
c:\users\han.glschool\desktop\trainingframework_vs2013\trainingframework\object.cpp(90): warning C4244: 'initializing': conversion from 'int' to 'float', possible loss of data
c:\users\han.glschool\desktop\trainingframework_vs2013\trainingframework\object.cpp(91): warning C4244: 'initializing': conversion from 'int' to 'float', possible loss of data
c:\users\han.glschool\desktop\trainingframework_vs2013\trainingframework\object.cpp(95): warning C4244: '=': conversion from 'int' to 'float', possible loss of data
c:\users\han.glschool\desktop\trainingframework_vs2013\trainingframework\object.cpp(96): warning C4244: '=': conversion from 'int' to 'float', possible loss of data
c:\users\han.glschool\desktop\trainingframework_vs2013\trainingframework\object.cpp(100): warning C4305: '+=': truncation from 'double' to 'float'
c:\users\han.glschool\desktop\trainingframework_vs2013\trainingframework\object.cpp(114): warning C4244: '+=': conversion from 'double' to 'float', possible loss of data
c:\users\han.glschool\desktop\trainingframework_vs2013\trainingframework\object.cpp(115): warning C4244: '+=': conversion from 'double' to 'float', possible loss of data
c:\users\han.glschool\desktop\trainingframework_vs2013\trainingframework\object.cpp(116): warning C4244: '+=': conversion from 'double' to 'float', possible loss of data
c:\users\han.glschool\desktop\trainingframework_vs2013\trainingframework\object.cpp(117): warning C4244: 'argument': conversion from 'double' to 'GLfloat', possible loss of data
c:\users\han.glschool\desktop\trainingframework_vs2013\trainingframework\object.cpp(118): warning C4244: 'argument': conversion from 'double' to 'GLfloat', possible loss of data
c:\users\han.glschool\desktop\trainingframework_vs2013\trainingframework\object.cpp(119): warning C4244: 'argument': conversion from 'double' to 'GLfloat', possible loss of data
c:\users\han.glschool\desktop\trainingframework_vs2013\trainingframework\object.cpp(113): warning C4700: uninitialized local variable 'sw' used
  TrainingFramework.vcxproj -> C:\Users\han.glschool\Desktop\TrainingFramework_VS2013\\BIN\TrainingFramework.exe
  TrainingFramework.vcxproj -> C:\Users\han.glschool\Desktop\TrainingFramework_VS2013\\BIN\TrainingFramework.pdb (Full PDB)
